Build started 3/28/2013 5:20:07 PM.
     1>Project "C:\Users\Michael pollind\Desktop\Orbital\trunk\ProjectOrbital\ProjectOrbital.vcxproj" on node 2 (build target(s)).
     1>InitializeBuildStatus:
         Creating "Release\ProjectOrbital.unsuccessfulbuild" because "AlwaysCreate" was specified.
       ClCompile:
         c:\Program Files (x86)\Microsoft Visual Studio 10.0\VC\bin\CL.exe /c /Zi /nologo /W3 /WX- /O2 /Oi /Oy- /GL /D WIN32 /D NDEBUG /D _WINDOWS /D _UNICODE /D UNICODE /Gm- /EHsc /MD /GS /Gy /fp:precise /Zc:wchar_t /Zc:forScope /Fo"Release\\" /Fd"Release\vc100.pdb" /Gd /TP /analyze- /errorReport:prompt Asteroid.cpp Background.cpp CollectorBeam.cpp CompletionScreen.cpp GameOverScreen.cpp GameScreen.cpp GameScreenHud.cpp GameScreenMenu.cpp GameWorld.cpp Harpoon.cpp MainMenuBackground.cpp Mine.cpp Mission.cpp MusicManager.cpp OptionsMenu.cpp OrbitalMain.cpp ParticleManager.cpp Planet.cpp PlayerShip.cpp Slider.cpp SoundManager.cpp StartScreen.cpp
         Asteroid.cpp
         Background.cpp
         CollectorBeam.cpp
         CompletionScreen.cpp
         GameOverScreen.cpp
         GameScreen.cpp
         GameScreenHud.cpp
     1>GameScreenHud.cpp(51): warning C4244: 'argument' : conversion from 'int' to 'float', possible loss of data
     1>GameScreenHud.cpp(67): warning C4244: 'argument' : conversion from 'int' to 'float', possible loss of data
         GameScreenMenu.cpp
         GameWorld.cpp
         Harpoon.cpp
         MainMenuBackground.cpp
         Mine.cpp
         Mission.cpp
     1>Mission.cpp(29): warning C4244: '=' : conversion from 'float' to 'int', possible loss of data
         MusicManager.cpp
         OptionsMenu.cpp
         OrbitalMain.cpp
         ParticleManager.cpp
         Planet.cpp
         PlayerShip.cpp
         Slider.cpp
     1>Slider.cpp(40): warning C4244: 'argument' : conversion from 'int' to 'float', possible loss of data
         Compiling...
         SoundManager.cpp
         StartScreen.cpp
       Link:
         c:\Program Files (x86)\Microsoft Visual Studio 10.0\VC\bin\link.exe /ERRORREPORT:PROMPT /OUT:"C:\Users\Michael pollind\Desktop\Orbital\trunk\Release\Momentus.exe" /INCREMENTAL:NO /NOLOGO "sfml-graphics.lib" "sfml-audio.lib" "sfml-system.lib" "sfml-window.lib" "sfml-network.lib" "sfml-main.lib" Box2D.lib kernel32.lib user32.lib gdi32.lib winspool.lib comdlg32.lib advapi32.lib shell32.lib ole32.lib oleaut32.lib uuid.lib odbc32.lib odbccp32.lib /MANIFEST /ManifestFile:"Release\Momentus.exe.intermediate.manifest" /MANIFESTUAC:"level='asInvoker' uiAccess='false'" /DEBUG /PDB:"C:\Users\Michael pollind\Desktop\Orbital\trunk\Release\Momentus.pdb" /SUBSYSTEM:WINDOWS /OPT:REF /OPT:ICF /LTCG /TLBID:1 /DYNAMICBASE /NXCOMPAT /IMPLIB:"C:\Users\Michael pollind\Desktop\Orbital\trunk\Release\Momentus.lib" /MACHINE:X86 Release\Asteroid.obj
         Release\Background.obj
         Release\Btn.obj
         Release\CollectorBeam.obj
         Release\CompletionScreen.obj
         Release\GameOverScreen.obj
         Release\GameScreen.obj
         Release\GameScreenHud.obj
         Release\GameScreenMenu.obj
         Release\GameWorld.obj
         Release\Harpoon.obj
         Release\MainMenuBackground.obj
         Release\Mine.obj
         Release\Mission.obj
         Release\MusicManager.obj
         Release\OptionsMenu.obj
         Release\OrbitsContactListener.obj
         Release\OrbitalMain.obj
         Release\OrbitsMath.obj
         Release\ParticleManager.obj
         Release\PhysicsManager.obj
         Release\Planet.obj
         Release\PlayerShip.obj
         Release\ScreenManager.obj
         Release\Settings.obj
         Release\Slider.obj
         Release\SoundManager.obj
         Release\StartScreen.obj
         Release\TextureManager.obj
         Generating code
         Finished generating code
         ProjectOrbital.vcxproj -> C:\Users\Michael pollind\Desktop\Orbital\trunk\Release\Momentus.exe
       Manifest:
         C:\Program Files (x86)\Microsoft SDKs\Windows\v7.0A\bin\mt.exe /nologo /verbose /outputresource:"C:\Users\Michael pollind\Desktop\Orbital\trunk\Release\Momentus.exe;#1" /manifest Release\Momentus.exe.intermediate.manifest
       FinalizeBuildStatus:
         Deleting file "Release\ProjectOrbital.unsuccessfulbuild".
         Touching "Release\ProjectOrbital.lastbuildstate".
     1>Done Building Project "C:\Users\Michael pollind\Desktop\Orbital\trunk\ProjectOrbital\ProjectOrbital.vcxproj" (build target(s)).

Build succeeded.

Time Elapsed 00:00:19.07
