Build started 4/10/2013 8:42:02 PM.
     1>Project "C:\Users\Michael pollind\Desktop\Orbital\trunk\ProjectOrbital\ProjectOrbital.vcxproj" on node 2 (build target(s)).
     1>InitializeBuildStatus:
         Creating "Debug\ProjectOrbital.unsuccessfulbuild" because "AlwaysCreate" was specified.
       ClCompile:
         c:\Program Files (x86)\Microsoft Visual Studio 10.0\VC\bin\CL.exe /c /ZI /nologo /W3 /WX- /Od /Oy- /D WIN32 /D _DEBUG /D _WINDOWS /D SFML_DYNAMIC /D _UNICODE /D UNICODE /Gm /EHsc /RTC1 /MDd /GS /fp:precise /Zc:wchar_t /Zc:forScope /Fo"Debug\\" /Fd"Debug\vc100.pdb" /Gd /TP /analyze- /errorReport:prompt Asteroid.cpp Background.cpp CollectorBeam.cpp CompletionScreen.cpp GameOverScreen.cpp GameScreen.cpp GameScreenHud.cpp GameScreenMenu.cpp GameWorld.cpp Harpoon.cpp HelpScreen.cpp MainMenuBackground.cpp Mine.cpp Mission.cpp Notification.cpp OrbitalMain.cpp ParticleManager.cpp Planet.cpp PlayerShip.cpp Slider.cpp StartScreen.cpp
         Slider.cpp
         PlayerShip.cpp
         Notification.cpp
         GameWorld.cpp
         GameScreenHud.cpp
         GameScreen.cpp
         Generating Code...
         Compiling...
         StartScreen.cpp
         Planet.cpp
         ParticleManager.cpp
         OrbitalMain.cpp
         Mission.cpp
     1>c:\users\michael pollind\desktop\orbital\trunk\projectorbital\mission.cpp(29): warning C4244: '=' : conversion from 'float' to 'int', possible loss of data
         Mine.cpp
         MainMenuBackground.cpp
         HelpScreen.cpp
         Harpoon.cpp
         GameScreenMenu.cpp
         GameOverScreen.cpp
         CompletionScreen.cpp
         CollectorBeam.cpp
         Background.cpp
         Asteroid.cpp
         Generating Code...
       ManifestResourceCompile:
         All outputs are up-to-date.
       Link:
         c:\Program Files (x86)\Microsoft Visual Studio 10.0\VC\bin\link.exe /ERRORREPORT:PROMPT /OUT:"C:\Users\Michael pollind\Desktop\Orbital\trunk\Debug\Momentus.exe" /INCREMENTAL /NOLOGO "sfml-graphics-d.lib" "sfml-audio-d.lib" "sfml-system-d.lib" "sfml-window-d.lib" "sfml-network-d.lib" Box2D.lib kernel32.lib user32.lib gdi32.lib winspool.lib comdlg32.lib advapi32.lib shell32.lib ole32.lib oleaut32.lib uuid.lib odbc32.lib odbccp32.lib /MANIFEST /ManifestFile:"Debug\Momentus.exe.intermediate.manifest" /MANIFESTUAC:"level='asInvoker' uiAccess='false'" /DEBUG /PDB:"C:\Users\Michael pollind\Desktop\Orbital\trunk\Debug\Momentus.pdb" /SUBSYSTEM:CONSOLE /TLBID:1 /DYNAMICBASE /NXCOMPAT /IMPLIB:"C:\Users\Michael pollind\Desktop\Orbital\trunk\Debug\Momentus.lib" /MACHINE:X86 Debug\Momentus.exe.embed.manifest.res
         Debug\Asteroid.obj
         Debug\Background.obj
         Debug\Btn.obj
         Debug\CollectorBeam.obj
         Debug\CompletionScreen.obj
         Debug\Cursor.obj
         Debug\GameOverScreen.obj
         Debug\GameScreen.obj
         Debug\GameScreenHud.obj
         Debug\GameScreenMenu.obj
         Debug\GameWorld.obj
         Debug\Harpoon.obj
         Debug\HelpScreen.obj
         Debug\MainMenuBackground.obj
         Debug\Mine.obj
         Debug\Mission.obj
         Debug\MusicManager.obj
         Debug\Notification.obj
         Debug\OptionsMenu.obj
         Debug\OrbitsContactListener.obj
         Debug\OrbitalMain.obj
         Debug\OrbitsMath.obj
         Debug\ParticleManager.obj
         Debug\PhysicsManager.obj
         Debug\Planet.obj
         Debug\PlayerShip.obj
         Debug\ScreenManager.obj
         Debug\Settings.obj
         Debug\Slider.obj
         Debug\SoundManager.obj
         Debug\StartScreen.obj
         Debug\TextureManager.obj
       Manifest:
         C:\Program Files (x86)\Microsoft SDKs\Windows\v7.0A\bin\mt.exe /nologo /verbose /out:"Debug\Momentus.exe.embed.manifest" /manifest Debug\Momentus.exe.intermediate.manifest
         All outputs are up-to-date.
       LinkEmbedManifest:
         All outputs are up-to-date.
         ProjectOrbital.vcxproj -> C:\Users\Michael pollind\Desktop\Orbital\trunk\Debug\Momentus.exe
       FinalizeBuildStatus:
         Deleting file "Debug\ProjectOrbital.unsuccessfulbuild".
         Touching "Debug\ProjectOrbital.lastbuildstate".
     1>Done Building Project "C:\Users\Michael pollind\Desktop\Orbital\trunk\ProjectOrbital\ProjectOrbital.vcxproj" (build target(s)).

Build succeeded.

Time Elapsed 00:00:29.32
