C:\USERS\MICHAEL POLLIND\DESKTOP\ORBITAL\TRUNK\DEBUG\PROJECTORBITAL.EXE
C:\USERS\MICHAEL POLLIND\DESKTOP\ORBITAL\TRUNK\DEBUG\PROJECTORBITAL.ILK
C:\USERS\MICHAEL POLLIND\DESKTOP\ORBITAL\TRUNK\DEBUG\PROJECTORBITAL.PDB
C:\USERS\MICHAEL POLLIND\DESKTOP\ORBITAL\TRUNK\PROJECTORBITAL\DEBUG\ASTEROID.OBJ
C:\USERS\MICHAEL POLLIND\DESKTOP\ORBITAL\TRUNK\PROJECTORBITAL\DEBUG\BTN.OBJ
C:\Users\Michael pollind\Desktop\Orbital\trunk\ProjectOrbital\Debug\cl.command.1.tlog
C:\Users\Michael pollind\Desktop\Orbital\trunk\ProjectOrbital\Debug\CL.read.1.tlog
C:\Users\Michael pollind\Desktop\Orbital\trunk\ProjectOrbital\Debug\CL.write.1.tlog
C:\USERS\MICHAEL POLLIND\DESKTOP\ORBITAL\TRUNK\PROJECTORBITAL\DEBUG\COLLECTORBEAM.OBJ
C:\USERS\MICHAEL POLLIND\DESKTOP\ORBITAL\TRUNK\PROJECTORBITAL\DEBUG\GAMESCREEN.OBJ
C:\USERS\MICHAEL POLLIND\DESKTOP\ORBITAL\TRUNK\PROJECTORBITAL\DEBUG\GAMESCREENHUD.OBJ
C:\USERS\MICHAEL POLLIND\DESKTOP\ORBITAL\TRUNK\PROJECTORBITAL\DEBUG\GAMESCREENMENU.OBJ
C:\USERS\MICHAEL POLLIND\DESKTOP\ORBITAL\TRUNK\PROJECTORBITAL\DEBUG\GAMEWORLD.OBJ
C:\USERS\MICHAEL POLLIND\DESKTOP\ORBITAL\TRUNK\PROJECTORBITAL\DEBUG\HARPOON.OBJ
C:\Users\Michael pollind\Desktop\Orbital\trunk\ProjectOrbital\Debug\link.10712.read.1.tlog
C:\Users\Michael pollind\Desktop\Orbital\trunk\ProjectOrbital\Debug\link.10712.write.1.tlog
C:\Users\Michael pollind\Desktop\Orbital\trunk\ProjectOrbital\Debug\link.10712-cvtres.read.1.tlog
C:\Users\Michael pollind\Desktop\Orbital\trunk\ProjectOrbital\Debug\link.10712-cvtres.write.1.tlog
C:\Users\Michael pollind\Desktop\Orbital\trunk\ProjectOrbital\Debug\link.11128.read.1.tlog
C:\Users\Michael pollind\Desktop\Orbital\trunk\ProjectOrbital\Debug\link.11128.write.1.tlog
C:\Users\Michael pollind\Desktop\Orbital\trunk\ProjectOrbital\Debug\link.11128-cvtres.read.1.tlog
C:\Users\Michael pollind\Desktop\Orbital\trunk\ProjectOrbital\Debug\link.11128-cvtres.write.1.tlog
C:\Users\Michael pollind\Desktop\Orbital\trunk\ProjectOrbital\Debug\link.1504.read.1.tlog
C:\Users\Michael pollind\Desktop\Orbital\trunk\ProjectOrbital\Debug\link.1504.write.1.tlog
C:\Users\Michael pollind\Desktop\Orbital\trunk\ProjectOrbital\Debug\link.1504-cvtres.read.1.tlog
C:\Users\Michael pollind\Desktop\Orbital\trunk\ProjectOrbital\Debug\link.1504-cvtres.write.1.tlog
C:\Users\Michael pollind\Desktop\Orbital\trunk\ProjectOrbital\Debug\link.1768.read.1.tlog
C:\Users\Michael pollind\Desktop\Orbital\trunk\ProjectOrbital\Debug\link.1768.write.1.tlog
C:\Users\Michael pollind\Desktop\Orbital\trunk\ProjectOrbital\Debug\link.1768-cvtres.read.1.tlog
C:\Users\Michael pollind\Desktop\Orbital\trunk\ProjectOrbital\Debug\link.1768-cvtres.write.1.tlog
C:\Users\Michael pollind\Desktop\Orbital\trunk\ProjectOrbital\Debug\link.2028.read.1.tlog
C:\Users\Michael pollind\Desktop\Orbital\trunk\ProjectOrbital\Debug\link.2028.write.1.tlog
C:\Users\Michael pollind\Desktop\Orbital\trunk\ProjectOrbital\Debug\link.2028-cvtres.read.1.tlog
C:\Users\Michael pollind\Desktop\Orbital\trunk\ProjectOrbital\Debug\link.2028-cvtres.write.1.tlog
C:\Users\Michael pollind\Desktop\Orbital\trunk\ProjectOrbital\Debug\link.3404.read.1.tlog
C:\Users\Michael pollind\Desktop\Orbital\trunk\ProjectOrbital\Debug\link.3404.write.1.tlog
C:\Users\Michael pollind\Desktop\Orbital\trunk\ProjectOrbital\Debug\link.3404-cvtres.read.1.tlog
C:\Users\Michael pollind\Desktop\Orbital\trunk\ProjectOrbital\Debug\link.3404-cvtres.write.1.tlog
C:\Users\Michael pollind\Desktop\Orbital\trunk\ProjectOrbital\Debug\link.428.read.1.tlog
C:\Users\Michael pollind\Desktop\Orbital\trunk\ProjectOrbital\Debug\link.428.write.1.tlog
C:\Users\Michael pollind\Desktop\Orbital\trunk\ProjectOrbital\Debug\link.428-cvtres.read.1.tlog
C:\Users\Michael pollind\Desktop\Orbital\trunk\ProjectOrbital\Debug\link.428-cvtres.write.1.tlog
C:\Users\Michael pollind\Desktop\Orbital\trunk\ProjectOrbital\Debug\link.5696.read.1.tlog
C:\Users\Michael pollind\Desktop\Orbital\trunk\ProjectOrbital\Debug\link.5696.write.1.tlog
C:\Users\Michael pollind\Desktop\Orbital\trunk\ProjectOrbital\Debug\link.5696-cvtres.read.1.tlog
C:\Users\Michael pollind\Desktop\Orbital\trunk\ProjectOrbital\Debug\link.5696-cvtres.write.1.tlog
C:\Users\Michael pollind\Desktop\Orbital\trunk\ProjectOrbital\Debug\link.608.read.1.tlog
C:\Users\Michael pollind\Desktop\Orbital\trunk\ProjectOrbital\Debug\link.608.write.1.tlog
C:\Users\Michael pollind\Desktop\Orbital\trunk\ProjectOrbital\Debug\link.608-cvtres.read.1.tlog
C:\Users\Michael pollind\Desktop\Orbital\trunk\ProjectOrbital\Debug\link.608-cvtres.write.1.tlog
C:\Users\Michael pollind\Desktop\Orbital\trunk\ProjectOrbital\Debug\link.6164.read.1.tlog
C:\Users\Michael pollind\Desktop\Orbital\trunk\ProjectOrbital\Debug\link.6164.write.1.tlog
C:\Users\Michael pollind\Desktop\Orbital\trunk\ProjectOrbital\Debug\link.6164-cvtres.read.1.tlog
C:\Users\Michael pollind\Desktop\Orbital\trunk\ProjectOrbital\Debug\link.6164-cvtres.write.1.tlog
C:\Users\Michael pollind\Desktop\Orbital\trunk\ProjectOrbital\Debug\link.6400.read.1.tlog
C:\Users\Michael pollind\Desktop\Orbital\trunk\ProjectOrbital\Debug\link.6400.write.1.tlog
C:\Users\Michael pollind\Desktop\Orbital\trunk\ProjectOrbital\Debug\link.6400-cvtres.read.1.tlog
C:\Users\Michael pollind\Desktop\Orbital\trunk\ProjectOrbital\Debug\link.6400-cvtres.write.1.tlog
C:\Users\Michael pollind\Desktop\Orbital\trunk\ProjectOrbital\Debug\link.6688.read.1.tlog
C:\Users\Michael pollind\Desktop\Orbital\trunk\ProjectOrbital\Debug\link.6688.write.1.tlog
C:\Users\Michael pollind\Desktop\Orbital\trunk\ProjectOrbital\Debug\link.6688-cvtres.read.1.tlog
C:\Users\Michael pollind\Desktop\Orbital\trunk\ProjectOrbital\Debug\link.6688-cvtres.write.1.tlog
C:\Users\Michael pollind\Desktop\Orbital\trunk\ProjectOrbital\Debug\link.8296.read.1.tlog
C:\Users\Michael pollind\Desktop\Orbital\trunk\ProjectOrbital\Debug\link.8296.write.1.tlog
C:\Users\Michael pollind\Desktop\Orbital\trunk\ProjectOrbital\Debug\link.8296-cvtres.read.1.tlog
C:\Users\Michael pollind\Desktop\Orbital\trunk\ProjectOrbital\Debug\link.8296-cvtres.write.1.tlog
C:\Users\Michael pollind\Desktop\Orbital\trunk\ProjectOrbital\Debug\link.8380.read.1.tlog
C:\Users\Michael pollind\Desktop\Orbital\trunk\ProjectOrbital\Debug\link.8380.write.1.tlog
C:\Users\Michael pollind\Desktop\Orbital\trunk\ProjectOrbital\Debug\link.8380-cvtres.read.1.tlog
C:\Users\Michael pollind\Desktop\Orbital\trunk\ProjectOrbital\Debug\link.8380-cvtres.write.1.tlog
C:\Users\Michael pollind\Desktop\Orbital\trunk\ProjectOrbital\Debug\link.8440.read.1.tlog
C:\Users\Michael pollind\Desktop\Orbital\trunk\ProjectOrbital\Debug\link.8440.write.1.tlog
C:\Users\Michael pollind\Desktop\Orbital\trunk\ProjectOrbital\Debug\link.8440-cvtres.read.1.tlog
C:\Users\Michael pollind\Desktop\Orbital\trunk\ProjectOrbital\Debug\link.8440-cvtres.write.1.tlog
C:\Users\Michael pollind\Desktop\Orbital\trunk\ProjectOrbital\Debug\link.9072.read.1.tlog
C:\Users\Michael pollind\Desktop\Orbital\trunk\ProjectOrbital\Debug\link.9072.write.1.tlog
C:\Users\Michael pollind\Desktop\Orbital\trunk\ProjectOrbital\Debug\link.9072-cvtres.read.1.tlog
C:\Users\Michael pollind\Desktop\Orbital\trunk\ProjectOrbital\Debug\link.9072-cvtres.write.1.tlog
C:\Users\Michael pollind\Desktop\Orbital\trunk\ProjectOrbital\Debug\link.9224.read.1.tlog
C:\Users\Michael pollind\Desktop\Orbital\trunk\ProjectOrbital\Debug\link.9224.write.1.tlog
C:\Users\Michael pollind\Desktop\Orbital\trunk\ProjectOrbital\Debug\link.9224-cvtres.read.1.tlog
C:\Users\Michael pollind\Desktop\Orbital\trunk\ProjectOrbital\Debug\link.9224-cvtres.write.1.tlog
C:\Users\Michael pollind\Desktop\Orbital\trunk\ProjectOrbital\Debug\link.9276.read.1.tlog
C:\Users\Michael pollind\Desktop\Orbital\trunk\ProjectOrbital\Debug\link.9276.write.1.tlog
C:\Users\Michael pollind\Desktop\Orbital\trunk\ProjectOrbital\Debug\link.9276-cvtres.read.1.tlog
C:\Users\Michael pollind\Desktop\Orbital\trunk\ProjectOrbital\Debug\link.9276-cvtres.write.1.tlog
C:\Users\Michael pollind\Desktop\Orbital\trunk\ProjectOrbital\Debug\link.9560.read.1.tlog
C:\Users\Michael pollind\Desktop\Orbital\trunk\ProjectOrbital\Debug\link.9560.write.1.tlog
C:\Users\Michael pollind\Desktop\Orbital\trunk\ProjectOrbital\Debug\link.9560-cvtres.read.1.tlog
C:\Users\Michael pollind\Desktop\Orbital\trunk\ProjectOrbital\Debug\link.9560-cvtres.write.1.tlog
C:\Users\Michael pollind\Desktop\Orbital\trunk\ProjectOrbital\Debug\link.9736.read.1.tlog
C:\Users\Michael pollind\Desktop\Orbital\trunk\ProjectOrbital\Debug\link.9736.write.1.tlog
C:\Users\Michael pollind\Desktop\Orbital\trunk\ProjectOrbital\Debug\link.9736-cvtres.read.1.tlog
C:\Users\Michael pollind\Desktop\Orbital\trunk\ProjectOrbital\Debug\link.9736-cvtres.write.1.tlog
C:\Users\Michael pollind\Desktop\Orbital\trunk\ProjectOrbital\Debug\link.9940.read.1.tlog
C:\Users\Michael pollind\Desktop\Orbital\trunk\ProjectOrbital\Debug\link.9940.write.1.tlog
C:\Users\Michael pollind\Desktop\Orbital\trunk\ProjectOrbital\Debug\link.9940-cvtres.read.1.tlog
C:\Users\Michael pollind\Desktop\Orbital\trunk\ProjectOrbital\Debug\link.9940-cvtres.write.1.tlog
C:\Users\Michael pollind\Desktop\Orbital\trunk\ProjectOrbital\Debug\link.9976.read.1.tlog
C:\Users\Michael pollind\Desktop\Orbital\trunk\ProjectOrbital\Debug\link.9976.write.1.tlog
C:\Users\Michael pollind\Desktop\Orbital\trunk\ProjectOrbital\Debug\link.9976-cvtres.read.1.tlog
C:\Users\Michael pollind\Desktop\Orbital\trunk\ProjectOrbital\Debug\link.9976-cvtres.write.1.tlog
C:\Users\Michael pollind\Desktop\Orbital\trunk\ProjectOrbital\Debug\link.command.1.tlog
C:\Users\Michael pollind\Desktop\Orbital\trunk\ProjectOrbital\Debug\link.read.1.tlog
C:\Users\Michael pollind\Desktop\Orbital\trunk\ProjectOrbital\Debug\link.write.1.tlog
C:\Users\Michael pollind\Desktop\Orbital\trunk\ProjectOrbital\Debug\link-cvtres.read.1.tlog
C:\Users\Michael pollind\Desktop\Orbital\trunk\ProjectOrbital\Debug\link-cvtres.write.1.tlog
C:\USERS\MICHAEL POLLIND\DESKTOP\ORBITAL\TRUNK\PROJECTORBITAL\DEBUG\MAINMENUBACKGROUND.OBJ
C:\Users\Michael pollind\Desktop\Orbital\trunk\ProjectOrbital\Debug\mt.command.1.tlog
C:\Users\Michael pollind\Desktop\Orbital\trunk\ProjectOrbital\Debug\mt.read.1.tlog
C:\Users\Michael pollind\Desktop\Orbital\trunk\ProjectOrbital\Debug\mt.write.1.tlog
C:\USERS\MICHAEL POLLIND\DESKTOP\ORBITAL\TRUNK\PROJECTORBITAL\DEBUG\MUSICMANAGER.OBJ
C:\USERS\MICHAEL POLLIND\DESKTOP\ORBITAL\TRUNK\PROJECTORBITAL\DEBUG\ORBITALMAIN.OBJ
C:\USERS\MICHAEL POLLIND\DESKTOP\ORBITAL\TRUNK\PROJECTORBITAL\DEBUG\ORBITSCONTACTLISTENER.OBJ
C:\USERS\MICHAEL POLLIND\DESKTOP\ORBITAL\TRUNK\PROJECTORBITAL\DEBUG\ORBITSMATH.OBJ
C:\USERS\MICHAEL POLLIND\DESKTOP\ORBITAL\TRUNK\PROJECTORBITAL\DEBUG\PARTICLEMANAGER.OBJ
C:\USERS\MICHAEL POLLIND\DESKTOP\ORBITAL\TRUNK\PROJECTORBITAL\DEBUG\PHYSICSMANAGER.OBJ
C:\USERS\MICHAEL POLLIND\DESKTOP\ORBITAL\TRUNK\PROJECTORBITAL\DEBUG\PLANET.OBJ
C:\USERS\MICHAEL POLLIND\DESKTOP\ORBITAL\TRUNK\PROJECTORBITAL\DEBUG\PLANETLOCATOR.OBJ
C:\USERS\MICHAEL POLLIND\DESKTOP\ORBITAL\TRUNK\PROJECTORBITAL\DEBUG\PLAYERSHIP.OBJ
C:\USERS\MICHAEL POLLIND\DESKTOP\ORBITAL\TRUNK\PROJECTORBITAL\DEBUG\PROJECTORBITAL.EXE.EMBED.MANIFEST
C:\USERS\MICHAEL POLLIND\DESKTOP\ORBITAL\TRUNK\PROJECTORBITAL\DEBUG\PROJECTORBITAL.EXE.EMBED.MANIFEST.RES
C:\USERS\MICHAEL POLLIND\DESKTOP\ORBITAL\TRUNK\PROJECTORBITAL\DEBUG\PROJECTORBITAL.EXE.INTERMEDIATE.MANIFEST
C:\Users\Michael pollind\Desktop\Orbital\trunk\ProjectOrbital\Debug\ProjectOrbital_manifest.rc
C:\Users\Michael pollind\Desktop\Orbital\trunk\ProjectOrbital\Debug\rc.command.1.tlog
C:\Users\Michael pollind\Desktop\Orbital\trunk\ProjectOrbital\Debug\rc.read.1.tlog
C:\Users\Michael pollind\Desktop\Orbital\trunk\ProjectOrbital\Debug\rc.write.1.tlog
C:\USERS\MICHAEL POLLIND\DESKTOP\ORBITAL\TRUNK\PROJECTORBITAL\DEBUG\SCREENMANAGER.OBJ
C:\USERS\MICHAEL POLLIND\DESKTOP\ORBITAL\TRUNK\PROJECTORBITAL\DEBUG\SETTINGS.OBJ
C:\USERS\MICHAEL POLLIND\DESKTOP\ORBITAL\TRUNK\PROJECTORBITAL\DEBUG\SOUNDMANAGER.OBJ
C:\USERS\MICHAEL POLLIND\DESKTOP\ORBITAL\TRUNK\PROJECTORBITAL\DEBUG\STARTSCREEN.OBJ
C:\USERS\MICHAEL POLLIND\DESKTOP\ORBITAL\TRUNK\PROJECTORBITAL\DEBUG\TEXTUREMANAGER.OBJ
C:\Users\Michael pollind\Desktop\Orbital\trunk\ProjectOrbital\Debug\vc100.idb
C:\USERS\MICHAEL POLLIND\DESKTOP\ORBITAL\TRUNK\PROJECTORBITAL\DEBUG\VC100.PDB
